# JRE version: Java(TM) SE Runtime Environment (17.0.11+7) (build 17.0.11+7-LTS-207)
# Java VM: Java HotSpot(TM) 64-Bit Server VM (17.0.11+7-LTS-207, mixed mode, sharing, tiered, compressed oops, compressed class ptrs, g1 gc, windows-amd64)
GC Precious Log:
 CPUs: 8 total, 8 available
 Memory: 6090M
 Large Page Support: Disabled
 NUMA Support: Disabled
 Compressed Oops: Enabled (32-bit)
 Heap Region Size: 1M
 Heap Min Capacity: 256M
 Heap Initial Capacity: 256M
 Heap Max Capacity: 512M
 Pre-touch: Disabled
 Parallel Workers: 8
 Concurrent Workers: 2
 Concurrent Refinement Workers: 8
 Periodic GC: Disabled
Heap:
 garbage-first heap   total 262144K, used 46161K [0x00000000e0000000, 0x0000000100000000)
  region size 1024K, 38 young (38912K), 11 survivors (11264K)
 Metaspace       used 25162K, committed 25472K, reserved 278528K
  class space    used 3770K, committed 3904K, reserved 212992K
GC Heap History (6 events):
Event: 4.254 GC heap before
{Heap before GC invocations=0 (full 0):
 garbage-first heap   total 262144K, used 25600K [0x00000000e0000000, 0x0000000100000000)
  region size 1024K, 23 young (23552K), 0 survivors (0K)
 Metaspace       used 3475K, committed 3648K, reserved 278528K
  class space    used 437K, committed 512K, reserved 212992K
}
Event: 4.297 GC heap after
{Heap after GC invocations=1 (full 0):
 garbage-first heap   total 262144K, used 8999K [0x00000000e0000000, 0x0000000100000000)
  region size 1024K, 3 young (3072K), 3 survivors (3072K)
 Metaspace       used 3475K, committed 3648K, reserved 278528K
  class space    used 437K, committed 512K, reserved 212992K
}
Event: 7.831 GC heap before
{Heap before GC invocations=1 (full 0):
 garbage-first heap   total 262144K, used 37671K [0x00000000e0000000, 0x0000000100000000)
  region size 1024K, 30 young (30720K), 3 survivors (3072K)
 Metaspace       used 4187K, committed 4352K, reserved 278528K
  class space    used 533K, committed 640K, reserved 212992K
}
Event: 7.838 GC heap after
{Heap after GC invocations=2 (full 0):
 garbage-first heap   total 262144K, used 13631K [0x00000000e0000000, 0x0000000100000000)
  region size 1024K, 4 young (4096K), 4 survivors (4096K)
 Metaspace       used 4187K, committed 4352K, reserved 278528K
  class space    used 533K, committed 640K, reserved 212992K
}
Event: 168.118 GC heap before
{Heap before GC invocations=2 (full 0):
 garbage-first heap   total 262144K, used 106815K [0x00000000e0000000, 0x0000000100000000)
  region size 1024K, 96 young (98304K), 4 survivors (4096K)
 Metaspace       used 21204K, committed 21504K, reserved 278528K
  class space    used 3136K, committed 3264K, reserved 212992K
}
Event: 168.848 GC heap after
{Heap after GC invocations=3 (full 0):
 garbage-first heap   total 262144K, used 20561K [0x00000000e0000000, 0x0000000100000000)
  region size 1024K, 11 young (11264K), 11 survivors (11264K)
 Metaspace       used 21204K, committed 21504K, reserved 278528K
  class space    used 3136K, committed 3264K, reserved 212992K
}

