# JRE version: Java(TM) SE Runtime Environment (17.0.11+7) (build 17.0.11+7-LTS-207)
# Java VM: Java HotSpot(TM) 64-Bit Server VM (17.0.11+7-LTS-207, mixed mode, sharing, tiered, compressed oops, compressed class ptrs, g1 gc, windows-amd64)
GC Precious Log:
 CPUs: 8 total, 8 available
 Memory: 6090M
 Large Page Support: Disabled
 NUMA Support: Disabled
 Compressed Oops: Enabled (32-bit)
 Heap Region Size: 1M
 Heap Min Capacity: 256M
 Heap Initial Capacity: 256M
 Heap Max Capacity: 512M
 Pre-touch: Disabled
 Parallel Workers: 8
 Concurrent Workers: 2
 Concurrent Refinement Workers: 8
 Periodic GC: Disabled
Heap:
 garbage-first heap   total 262144K, used 90526K [0x00000000e0000000, 0x0000000100000000)
  region size 1024K, 41 young (41984K), 9 survivors (9216K)
 Metaspace       used 55051K, committed 55744K, reserved 278528K
  class space    used 7393K, committed 7744K, reserved 212992K
GC Heap History (20 events):
Event: 8.887 GC heap before
{Heap before GC invocations=2 (full 0):
 garbage-first heap   total 262144K, used 103424K [0x00000000e0000000, 0x0000000100000000)
  region size 1024K, 92 young (94208K), 4 survivors (4096K)
 Metaspace       used 21174K, committed 21504K, reserved 278528K
  class space    used 3160K, committed 3328K, reserved 212992K
}
Event: 8.897 GC heap after
{Heap after GC invocations=3 (full 0):
 garbage-first heap   total 262144K, used 20800K [0x00000000e0000000, 0x0000000100000000)
  region size 1024K, 11 young (11264K), 11 survivors (11264K)
 Metaspace       used 21174K, committed 21504K, reserved 278528K
  class space    used 3160K, committed 3328K, reserved 212992K
}
Event: 11.639 GC heap before
{Heap before GC invocations=4 (full 0):
 garbage-first heap   total 262144K, used 131392K [0x00000000e0000000, 0x0000000100000000)
  region size 1024K, 117 young (119808K), 11 survivors (11264K)
 Metaspace       used 35581K, committed 35968K, reserved 278528K
  class space    used 4915K, committed 5120K, reserved 212992K
}
Event: 11.656 GC heap after
{Heap after GC invocations=5 (full 0):
 garbage-first heap   total 262144K, used 32216K [0x00000000e0000000, 0x0000000100000000)
  region size 1024K, 16 young (16384K), 16 survivors (16384K)
 Metaspace       used 35581K, committed 35968K, reserved 278528K
  class space    used 4915K, committed 5120K, reserved 212992K
}
Event: 11.686 GC heap before
{Heap before GC invocations=5 (full 0):
 garbage-first heap   total 262144K, used 33240K [0x00000000e0000000, 0x0000000100000000)
  region size 1024K, 17 young (17408K), 16 survivors (16384K)
 Metaspace       used 35827K, committed 36224K, reserved 278528K
  class space    used 4930K, committed 5120K, reserved 212992K
}
Event: 11.698 GC heap after
{Heap after GC invocations=6 (full 0):
 garbage-first heap   total 262144K, used 32082K [0x00000000e0000000, 0x0000000100000000)
  region size 1024K, 2 young (2048K), 2 survivors (2048K)
 Metaspace       used 35827K, committed 36224K, reserved 278528K
  class space    used 4930K, committed 5120K, reserved 212992K
}
Event: 11.759 GC heap before
{Heap before GC invocations=6 (full 0):
 garbage-first heap   total 262144K, used 34130K [0x00000000e0000000, 0x0000000100000000)
  region size 1024K, 5 young (5120K), 2 survivors (2048K)
 Metaspace       used 35938K, committed 36288K, reserved 278528K
  class space    used 4949K, committed 5120K, reserved 212992K
}
Event: 11.761 GC heap after
{Heap after GC invocations=7 (full 0):
 garbage-first heap   total 262144K, used 30673K [0x00000000e0000000, 0x0000000100000000)
  region size 1024K, 1 young (1024K), 1 survivors (1024K)
 Metaspace       used 35938K, committed 36288K, reserved 278528K
  class space    used 4949K, committed 5120K, reserved 212992K
}
Event: 15.340 GC heap before
{Heap before GC invocations=8 (full 0):
 garbage-first heap   total 262144K, used 182225K [0x00000000e0000000, 0x0000000100000000)
  region size 1024K, 149 young (152576K), 1 survivors (1024K)
 Metaspace       used 47853K, committed 48384K, reserved 278528K
  class space    used 6851K, committed 7104K, reserved 212992K
}
Event: 15.354 GC heap after
{Heap after GC invocations=9 (full 0):
 garbage-first heap   total 262144K, used 42934K [0x00000000e0000000, 0x0000000100000000)
  region size 1024K, 13 young (13312K), 13 survivors (13312K)
 Metaspace       used 47853K, committed 48384K, reserved 278528K
  class space    used 6851K, committed 7104K, reserved 212992K
}
Event: 18.701 GC heap before
{Heap before GC invocations=9 (full 0):
 garbage-first heap   total 262144K, used 185270K [0x00000000e0000000, 0x0000000100000000)
  region size 1024K, 153 young (156672K), 13 survivors (13312K)
 Metaspace       used 52229K, committed 52864K, reserved 278528K
  class space    used 7195K, committed 7488K, reserved 212992K
}
Event: 18.720 GC heap after
{Heap after GC invocations=10 (full 0):
 garbage-first heap   total 262144K, used 54068K [0x00000000e0000000, 0x0000000100000000)
  region size 1024K, 11 young (11264K), 11 survivors (11264K)
 Metaspace       used 52229K, committed 52864K, reserved 278528K
  class space    used 7195K, committed 7488K, reserved 212992K
}
Event: 36.436 GC heap before
{Heap before GC invocations=10 (full 0):
 garbage-first heap   total 262144K, used 197428K [0x00000000e0000000, 0x0000000100000000)
  region size 1024K, 151 young (154624K), 11 survivors (11264K)
 Metaspace       used 53874K, committed 54464K, reserved 278528K
  class space    used 7357K, committed 7680K, reserved 212992K
}
Event: 36.453 GC heap after
{Heap after GC invocations=11 (full 0):
 garbage-first heap   total 262144K, used 55437K [0x00000000e0000000, 0x0000000100000000)
  region size 1024K, 8 young (8192K), 8 survivors (8192K)
 Metaspace       used 53874K, committed 54464K, reserved 278528K
  class space    used 7357K, committed 7680K, reserved 212992K
}
Event: 39.821 GC heap before
{Heap before GC invocations=11 (full 0):
 garbage-first heap   total 262144K, used 199821K [0x00000000e0000000, 0x0000000100000000)
  region size 1024K, 150 young (153600K), 8 survivors (8192K)
 Metaspace       used 54445K, committed 55040K, reserved 278528K
  class space    used 7381K, committed 7680K, reserved 212992K
}
Event: 39.825 GC heap after
{Heap after GC invocations=12 (full 0):
 garbage-first heap   total 262144K, used 50767K [0x00000000e0000000, 0x0000000100000000)
  region size 1024K, 3 young (3072K), 3 survivors (3072K)
 Metaspace       used 54445K, committed 55040K, reserved 278528K
  class space    used 7381K, committed 7680K, reserved 212992K
}
Event: 41.291 GC heap before
{Heap before GC invocations=12 (full 0):
 garbage-first heap   total 262144K, used 203343K [0x00000000e0000000, 0x0000000100000000)
  region size 1024K, 153 young (156672K), 3 survivors (3072K)
 Metaspace       used 54689K, committed 55296K, reserved 278528K
  class space    used 7384K, committed 7680K, reserved 212992K
}
Event: 41.304 GC heap after
{Heap after GC invocations=13 (full 0):
 garbage-first heap   total 262144K, used 62946K [0x00000000e0000000, 0x0000000100000000)
  region size 1024K, 15 young (15360K), 15 survivors (15360K)
 Metaspace       used 54689K, committed 55296K, reserved 278528K
  class space    used 7384K, committed 7680K, reserved 212992K
}
Event: 278.936 GC heap before
{Heap before GC invocations=13 (full 0):
 garbage-first heap   total 262144K, used 203234K [0x00000000e0000000, 0x0000000100000000)
  region size 1024K, 153 young (156672K), 15 survivors (15360K)
 Metaspace       used 55049K, committed 55744K, reserved 278528K
  class space    used 7393K, committed 7744K, reserved 212992K
}
Event: 279.015 GC heap after
{Heap after GC invocations=14 (full 0):
 garbage-first heap   total 262144K, used 58782K [0x00000000e0000000, 0x0000000100000000)
  region size 1024K, 9 young (9216K), 9 survivors (9216K)
 Metaspace       used 55049K, committed 55744K, reserved 278528K
  class space    used 7393K, committed 7744K, reserved 212992K
}

