# JRE version: Java(TM) SE Runtime Environment (17.0.11+7) (build 17.0.11+7-LTS-207)
# Java VM: Java HotSpot(TM) 64-Bit Server VM (17.0.11+7-LTS-207, mixed mode, emulated-client, sharing, tiered, compressed oops, compressed class ptrs, g1 gc, windows-amd64)
GC Precious Log:
 CPUs: 8 total, 8 available
 Memory: 6090M
 Large Page Support: Disabled
 NUMA Support: Disabled
 Compressed Oops: Enabled (32-bit)
 Heap Region Size: 1M
 Heap Min Capacity: 8M
 Heap Initial Capacity: 96M
 Heap Max Capacity: 1524M
 Pre-touch: Disabled
 Parallel Workers: 8
 Concurrent Workers: 2
 Concurrent Refinement Workers: 8
 Periodic GC: Disabled
Heap:
 garbage-first heap   total 112640K, used 68771K [0x00000000a0c00000, 0x0000000100000000)
  region size 1024K, 1 young (1024K), 1 survivors (1024K)
 Metaspace       used 48058K, committed 48640K, reserved 1114112K
  class space    used 6694K, committed 6976K, reserved 1048576K
GC Heap History (20 events):
Event: 23.595 GC heap after
{Heap after GC invocations=10 (full 0):
 garbage-first heap   total 78848K, used 29826K [0x00000000a0c00000, 0x0000000100000000)
  region size 1024K, 5 young (5120K), 5 survivors (5120K)
 Metaspace       used 35077K, committed 35392K, reserved 1114112K
  class space    used 4896K, committed 5056K, reserved 1048576K
}
Event: 24.107 GC heap before
{Heap before GC invocations=10 (full 0):
 garbage-first heap   total 78848K, used 33922K [0x00000000a0c00000, 0x0000000100000000)
  region size 1024K, 10 young (10240K), 5 survivors (5120K)
 Metaspace       used 35770K, committed 36160K, reserved 1114112K
  class space    used 5013K, committed 5184K, reserved 1048576K
}
Event: 24.125 GC heap after
{Heap after GC invocations=11 (full 0):
 garbage-first heap   total 78848K, used 30397K [0x00000000a0c00000, 0x0000000100000000)
  region size 1024K, 3 young (3072K), 3 survivors (3072K)
 Metaspace       used 35770K, committed 36160K, reserved 1114112K
  class space    used 5013K, committed 5184K, reserved 1048576K
}
Event: 28.124 GC heap before
{Heap before GC invocations=12 (full 0):
 garbage-first heap   total 78848K, used 59069K [0x00000000a0c00000, 0x0000000100000000)
  region size 1024K, 31 young (31744K), 3 survivors (3072K)
 Metaspace       used 41204K, committed 41600K, reserved 1114112K
  class space    used 5679K, committed 5888K, reserved 1048576K
}
Event: 28.133 GC heap after
{Heap after GC invocations=13 (full 0):
 garbage-first heap   total 78848K, used 33632K [0x00000000a0c00000, 0x0000000100000000)
  region size 1024K, 4 young (4096K), 4 survivors (4096K)
 Metaspace       used 41204K, committed 41600K, reserved 1114112K
  class space    used 5679K, committed 5888K, reserved 1048576K
}
Event: 28.181 GC heap before
{Heap before GC invocations=13 (full 0):
 garbage-first heap   total 78848K, used 34656K [0x00000000a0c00000, 0x0000000100000000)
  region size 1024K, 5 young (5120K), 4 survivors (4096K)
 Metaspace       used 41256K, committed 41664K, reserved 1114112K
  class space    used 5690K, committed 5888K, reserved 1048576K
}
Event: 28.188 GC heap after
{Heap after GC invocations=14 (full 0):
 garbage-first heap   total 78848K, used 33610K [0x00000000a0c00000, 0x0000000100000000)
  region size 1024K, 1 young (1024K), 1 survivors (1024K)
 Metaspace       used 41256K, committed 41664K, reserved 1114112K
  class space    used 5690K, committed 5888K, reserved 1048576K
}
Event: 30.372 GC heap before
{Heap before GC invocations=14 (full 0):
 garbage-first heap   total 78848K, used 59210K [0x00000000a0c00000, 0x0000000100000000)
  region size 1024K, 27 young (27648K), 1 survivors (1024K)
 Metaspace       used 43666K, committed 44096K, reserved 1114112K
  class space    used 6013K, committed 6208K, reserved 1048576K
}
Event: 30.376 GC heap after
{Heap after GC invocations=15 (full 0):
 garbage-first heap   total 78848K, used 35268K [0x00000000a0c00000, 0x0000000100000000)
  region size 1024K, 3 young (3072K), 3 survivors (3072K)
 Metaspace       used 43666K, committed 44096K, reserved 1114112K
  class space    used 6013K, committed 6208K, reserved 1048576K
}
Event: 32.374 GC heap before
{Heap before GC invocations=15 (full 0):
 garbage-first heap   total 78848K, used 59844K [0x00000000a0c00000, 0x0000000100000000)
  region size 1024K, 28 young (28672K), 3 survivors (3072K)
 Metaspace       used 46253K, committed 46656K, reserved 1114112K
  class space    used 6407K, committed 6592K, reserved 1048576K
}
Event: 32.385 GC heap after
{Heap after GC invocations=16 (full 0):
 garbage-first heap   total 78848K, used 37136K [0x00000000a0c00000, 0x0000000100000000)
  region size 1024K, 4 young (4096K), 4 survivors (4096K)
 Metaspace       used 46253K, committed 46656K, reserved 1114112K
  class space    used 6407K, committed 6592K, reserved 1048576K
}
Event: 34.214 GC heap before
{Heap before GC invocations=16 (full 0):
 garbage-first heap   total 78848K, used 62736K [0x00000000a0c00000, 0x0000000100000000)
  region size 1024K, 29 young (29696K), 4 survivors (4096K)
 Metaspace       used 48138K, committed 48640K, reserved 1114112K
  class space    used 6711K, committed 6976K, reserved 1048576K
}
Event: 34.249 GC heap after
{Heap after GC invocations=17 (full 0):
 garbage-first heap   total 78848K, used 44823K [0x00000000a0c00000, 0x0000000100000000)
  region size 1024K, 4 young (4096K), 4 survivors (4096K)
 Metaspace       used 48138K, committed 48640K, reserved 1114112K
  class space    used 6711K, committed 6976K, reserved 1048576K
}
Event: 34.288 GC heap before
{Heap before GC invocations=17 (full 0):
 garbage-first heap   total 78848K, used 59159K [0x00000000a0c00000, 0x0000000100000000)
  region size 1024K, 18 young (18432K), 4 survivors (4096K)
 Metaspace       used 48138K, committed 48640K, reserved 1114112K
  class space    used 6711K, committed 6976K, reserved 1048576K
}
Event: 34.356 GC heap after
{Heap after GC invocations=18 (full 0):
 garbage-first heap   total 78848K, used 59667K [0x00000000a0c00000, 0x0000000100000000)
  region size 1024K, 3 young (3072K), 3 survivors (3072K)
 Metaspace       used 48138K, committed 48640K, reserved 1114112K
  class space    used 6711K, committed 6976K, reserved 1048576K
}
Event: 34.444 GC heap before
{Heap before GC invocations=18 (full 0):
 garbage-first heap   total 78848K, used 62739K [0x00000000a0c00000, 0x0000000100000000)
  region size 1024K, 6 young (6144K), 3 survivors (3072K)
 Metaspace       used 48140K, committed 48640K, reserved 1114112K
  class space    used 6711K, committed 6976K, reserved 1048576K
}
Event: 34.467 GC heap after
{Heap after GC invocations=19 (full 0):
 garbage-first heap   total 78848K, used 63488K [0x00000000a0c00000, 0x0000000100000000)
  region size 1024K, 1 young (1024K), 1 survivors (1024K)
 Metaspace       used 48140K, committed 48640K, reserved 1114112K
  class space    used 6711K, committed 6976K, reserved 1048576K
}
Event: 34.492 GC heap before
{Heap before GC invocations=19 (full 0):
 garbage-first heap   total 78848K, used 65536K [0x00000000a0c00000, 0x0000000100000000)
  region size 1024K, 3 young (3072K), 1 survivors (1024K)
 Metaspace       used 48140K, committed 48640K, reserved 1114112K
  class space    used 6711K, committed 6976K, reserved 1048576K
}
Event: 34.507 GC heap after
{Heap after GC invocations=20 (full 0):
 garbage-first heap   total 78848K, used 66411K [0x00000000a0c00000, 0x0000000100000000)
  region size 1024K, 1 young (1024K), 1 survivors (1024K)
 Metaspace       used 48140K, committed 48640K, reserved 1114112K
  class space    used 6711K, committed 6976K, reserved 1048576K
}
Event: 34.561 GC heap before
{Heap before GC invocations=20 (full 0):
 garbage-first heap   total 112640K, used 68459K [0x00000000a0c00000, 0x0000000100000000)
  region size 1024K, 3 young (3072K), 1 survivors (1024K)
 Metaspace       used 48058K, committed 48640K, reserved 1114112K
  class space    used 6694K, committed 6976K, reserved 1048576K
}

